<?xml version="1.0" encoding="UTF-8"?>
<!--<!DOCTYPE LexicalResource SYSTEM "kyoto_wn.dtd">-->
<LexicalResource name="lexical resource 1">
        <GlobalInformation label="label 1"/>
        <Lexicon id="lexicon 1" languageCoding="ISO 639-3" label="lexicon label " language="en" owner="ehu" version="30">
                <LexicalEntry id="lexical entry 1">
                        <Meta author="auto" date="2008-11-11" source="source 1" status=""/>
                        <Lemma writtenForm="a" partOfSpeech="n"/>
                        <Sense id="sense 1" synset="synset 1">
                        </Sense>
                </LexicalEntry>
        </Lexicon>
        <SenseAxes>
                <SenseAxis id="sense axis 1" 
                		   relType="equal_synonym"
                		   synsetOne="synset 1"
                		   synsetTwo="synset 2"
                		   senseAxisType="crosslingualSenseAlignment">                  
                </SenseAxis>
        </SenseAxes>
</LexicalResource>

